app/build/outputs/logs/manifest-merger-debug-report.txt
-- Merging decision tree log ---
manifest
ADDED from src\main\AndroidManifest.xml:2:1-81:12
	package
		ADDED from src\main\AndroidManifest.xml:3:11-42
		INJECTED from src\main\AndroidManifest.xml
		INJECTED from src\main\AndroidManifest.xml
	android:versionName
		ADDED from src\main\AndroidManifest.xml:5:11-36
		INJECTED from src\main\AndroidManifest.xml
		INJECTED from src\main\AndroidManifest.xml
	android:versionCode
		ADDED from src\main\AndroidManifest.xml:4:11-34
		INJECTED from src\main\AndroidManifest.xml
		INJECTED from src\main\AndroidManifest.xml
	xmlns:android
		ADDED from src\main\AndroidManifest.xml:2:11-69
uses-sdk
ADDED from src\main\AndroidManifest.xml:7:5-9:40
MERGED from [com.android.support:multidex:1.0.1] AndroidManifest.xml:18:5-42
MERGED from [jindunaaa:PhotoPicker:unspecified] AndroidManifest.xml:7:5-9:41
MERGED from [com.android.support:design:23.1.1] AndroidManifest.xml:20:5-43
MERGED from [jindunaaa:IMKit:unspecified] AndroidManifest.xml:7:5-9:41
MERGED from [jindunaaa:IMLib:unspecified] AndroidManifest.xml:7:5-9:41
MERGED from [jindunaaa:SlidingMenu:unspecified] AndroidManifest.xml:7:5-9:41
MERGED from [com.android.support:recyclerview-v7:23.4.0] AndroidManifest.xml:20:5-43
MERGED from [com.android.support:appcompat-v7:23.4.0] AndroidManifest.xml:21:5-23:78
MERGED from [com.android.support:animated-vector-drawable:23.4.0] AndroidManifest.xml:5:5-44
MERGED from [com.android.support:support-vector-drawable:23.4.0] AndroidManifest.xml:5:5-43
MERGED from [com.android.support:support-v4:23.4.0] AndroidManifest.xml:20:5-43
	tools:overrideLibrary
		ADDED from [com.android.support:appcompat-v7:23.4.0] AndroidManifest.xml:23:9-75
	android:targetSdkVersion
		ADDED from src\main\AndroidManifest.xml:9:9-38
		INJECTED from src\main\AndroidManifest.xml
		INJECTED from src\main\AndroidManifest.xml
	android:minSdkVersion
		ADDED from src\main\AndroidManifest.xml:8:9-35
		INJECTED from src\main\AndroidManifest.xml
		INJECTED from src\main\AndroidManifest.xml
uses-permission#android.permission.ACCESS_WIFI_STATE
ADDED from src\main\AndroidManifest.xml:11:5-75
MERGED from [jindunaaa:IMKit:unspecified] AndroidManifest.xml:16:5-76
MERGED from [jindunaaa:IMLib:unspecified] AndroidManifest.xml:14:5-76
	android:name
		ADDED from src\main\AndroidManifest.xml:11:22-73
uses-permission#android.permission.INTERNET
ADDED from src\main\AndroidManifest.xml:12:5-66
MERGED from [jindunaaa:IMKit:unspecified] AndroidManifest.xml:13:5-67
MERGED from [jindunaaa:IMLib:unspecified] AndroidManifest.xml:12:5-67
	android:name
		ADDED from src\main\AndroidManifest.xml:12:22-64
uses-permission#android.permission.ACCESS_NETWORK_STATE
ADDED from src\main\AndroidManifest.xml:13:5-78
MERGED from [jindunaaa:IMKit:unspecified] AndroidManifest.xml:14:5-79
MERGED from [jindunaaa:IMLib:unspecified] AndroidManifest.xml:13:5-79
	android:name
		ADDED from src\main\AndroidManifest.xml:13:22-76
uses-permission#android.permission.WRITE_EXTERNAL_STORAGE
ADDED from src\main\AndroidManifest.xml:14:5-80
MERGED from [jindunaaa:IMKit:unspecified] AndroidManifest.xml:12:5-81
MERGED from [jindunaaa:IMLib:unspecified] AndroidManifest.xml:11:5-81
	android:name
		ADDED from src\main\AndroidManifest.xml:14:22-78
uses-permission#android.permission.MOUNT_UNMOUNT_FILESYSTEMS
ADDED from src\main\AndroidManifest.xml:15:5-83
	android:name
		ADDED from src\main\AndroidManifest.xml:15:22-81
uses-permission#android.permission.READ_PHONE_STATE
ADDED from src\main\AndroidManifest.xml:16:5-74
MERGED from [jindunaaa:IMKit:unspecified] AndroidManifest.xml:18:5-75
MERGED from [jindunaaa:IMLib:unspecified] AndroidManifest.xml:15:5-75
	android:name
		ADDED from src\main\AndroidManifest.xml:16:22-72
uses-permission#android.permission.BROADCAST_STICKY
ADDED from src\main\AndroidManifest.xml:17:5-74
	android:name
		ADDED from src\main\AndroidManifest.xml:17:22-72
uses-permission#android.permission.READ_CALENDAR
ADDED from src\main\AndroidManifest.xml:18:5-71
	android:name
		ADDED from src\main\AndroidManifest.xml:18:22-69
uses-permission#android.permission.WRITE_CALENDAR
ADDED from src\main\AndroidManifest.xml:19:5-72
	android:name
		ADDED from src\main\AndroidManifest.xml:19:22-70
uses-permission#android.permission.RECORD_AUDIO
ADDED from src\main\AndroidManifest.xml:20:5-70
MERGED from [jindunaaa:IMKit:unspecified] AndroidManifest.xml:21:5-71
MERGED from [jindunaaa:IMLib:unspecified] AndroidManifest.xml:16:5-71
	android:name
		ADDED from src\main\AndroidManifest.xml:20:22-68
uses-permission#android.permission.BLUETOOTH
ADDED from src\main\AndroidManifest.xml:21:5-67
	android:name
		ADDED from src\main\AndroidManifest.xml:21:22-65
uses-permission#android.permission.WAKE_LOCK
ADDED from src\main\AndroidManifest.xml:22:5-67
MERGED from [jindunaaa:IMKit:unspecified] AndroidManifest.xml:23:5-68
MERGED from [jindunaaa:IMLib:unspecified] AndroidManifest.xml:18:5-68
	android:name
		ADDED from src\main\AndroidManifest.xml:22:22-65
uses-permission#android.permission.USE_SIP
ADDED from src\main\AndroidManifest.xml:23:5-65
	android:name
		ADDED from src\main\AndroidManifest.xml:23:22-63
uses-feature#android.hardware.sip.voip
ADDED from src\main\AndroidManifest.xml:26:5-28:34
	android:required
		ADDED from src\main\AndroidManifest.xml:28:9-32
	android:name
		ADDED from src\main\AndroidManifest.xml:27:9-49
uses-feature#android.hardware.wifi
ADDED from src\main\AndroidManifest.xml:29:5-31:34
	android:required
		ADDED from src\main\AndroidManifest.xml:31:9-32
	android:name
		ADDED from src\main\AndroidManifest.xml:30:9-45
uses-feature#android.hardware.microphone
ADDED from src\main\AndroidManifest.xml:32:5-34:34
	android:required
		ADDED from src\main\AndroidManifest.xml:34:9-32
	android:name
		ADDED from src\main\AndroidManifest.xml:33:9-51
uses-permission#android.permission.CAMERA
ADDED from src\main\AndroidManifest.xml:37:5-64
MERGED from [jindunaaa:IMKit:unspecified] AndroidManifest.xml:26:5-65
	android:name
		ADDED from src\main\AndroidManifest.xml:37:22-62
uses-feature#android.hardware.camera
ADDED from src\main\AndroidManifest.xml:39:5-59
	android:name
		ADDED from src\main\AndroidManifest.xml:39:19-57
uses-feature#android.hardware.camera.autofocus
ADDED from src\main\AndroidManifest.xml:40:5-69
	android:name
		ADDED from src\main\AndroidManifest.xml:40:19-67
uses-permission#com.huawei.eSpaceMobileApp
ADDED from src\main\AndroidManifest.xml:42:5-65
	android:name
		ADDED from src\main\AndroidManifest.xml:42:22-63
uses-permission#android.permission.READ_EXTERNAL_STORAGE
ADDED from src\main\AndroidManifest.xml:43:5-79
MERGED from [jindunaaa:IMKit:unspecified] AndroidManifest.xml:11:5-80
	android:name
		ADDED from src\main\AndroidManifest.xml:43:22-77
application
ADDED from src\main\AndroidManifest.xml:45:5-79:19
MERGED from [com.android.support:design:23.1.1] AndroidManifest.xml:22:5-20
MERGED from [jindunaaa:IMKit:unspecified] AndroidManifest.xml:33:5-86:19
MERGED from [jindunaaa:IMLib:unspecified] AndroidManifest.xml:24:5-95:19
MERGED from [com.android.support:appcompat-v7:23.4.0] AndroidManifest.xml:25:5-20
MERGED from [com.android.support:animated-vector-drawable:23.4.0] AndroidManifest.xml:7:5-20
MERGED from [com.android.support:support-vector-drawable:23.4.0] AndroidManifest.xml:7:5-20
MERGED from [com.android.support:support-v4:23.4.0] AndroidManifest.xml:22:5-20
	android:label
		ADDED from src\main\AndroidManifest.xml:49:9-41
	android:allowBackup
		ADDED from src\main\AndroidManifest.xml:47:9-35
	android:icon
		ADDED from src\main\AndroidManifest.xml:48:9-45
	android:theme
		ADDED from src\main\AndroidManifest.xml:50:9-59
	android:name
		ADDED from src\main\AndroidManifest.xml:46:9-33
activity#com.cloudspace.jindun.activity.MainActivity
ADDED from src\main\AndroidManifest.xml:51:9-55:20
	android:screenOrientation
		ADDED from src\main\AndroidManifest.xml:53:13-49
	android:theme
		ADDED from src\main\AndroidManifest.xml:54:13-56
	android:name
		ADDED from src\main\AndroidManifest.xml:52:13-50
receiver#com.cloudspace.jindun.sip.CallReceiver
ADDED from src\main\AndroidManifest.xml:57:9-59:44
	android:label
		ADDED from src\main\AndroidManifest.xml:59:13-42
	android:name
		ADDED from src\main\AndroidManifest.xml:58:13-45
activity#com.cloudspace.jindun.activity.IntelligenceActivity
ADDED from src\main\AndroidManifest.xml:61:9-62:20
	android:name
		ADDED from src\main\AndroidManifest.xml:61:19-64
activity#com.cloudspace.jindun.activity.HiddendangerActivity
ADDED from src\main\AndroidManifest.xml:63:9-64:20
	android:name
		ADDED from src\main\AndroidManifest.xml:63:19-64
activity#com.cloudspace.jindun.activity.ReportActivity
ADDED from src\main\AndroidManifest.xml:65:9-66:20
	android:name
		ADDED from src\main\AndroidManifest.xml:65:19-58
activity#com.cloudspace.jindun.activity.RegisterActivity
ADDED from src\main\AndroidManifest.xml:67:9-69:20
	android:name
		ADDED from src\main\AndroidManifest.xml:67:19-60
activity#com.cloudspace.jindun.activity.ForgetpassActivity
ADDED from src\main\AndroidManifest.xml:70:9-71:20
	android:name
		ADDED from src\main\AndroidManifest.xml:70:19-62
activity#com.cloudspace.jindun.activity.WdActivity
ADDED from src\main\AndroidManifest.xml:72:9-78:20
	android:name
		ADDED from src\main\AndroidManifest.xml:72:19-54
intent-filter#android.intent.action.MAIN+android.intent.category.LAUNCHER
ADDED from src\main\AndroidManifest.xml:73:13-77:29
action#android.intent.action.MAIN
ADDED from src\main\AndroidManifest.xml:74:17-68
	android:name
		ADDED from src\main\AndroidManifest.xml:74:25-66
category#android.intent.category.LAUNCHER
ADDED from src\main\AndroidManifest.xml:76:17-76
	android:name
		ADDED from src\main\AndroidManifest.xml:76:27-74
activity#com.cloudspace.photopicker.PhotoPickerActivity
ADDED from [jindunaaa:PhotoPicker:unspecified] AndroidManifest.xml:11:5-13:68
	android:theme
		ADDED from [jindunaaa:PhotoPicker:unspecified] AndroidManifest.xml:13:9-65
	android:name
		ADDED from [jindunaaa:PhotoPicker:unspecified] AndroidManifest.xml:12:9-70
activity#com.cloudspace.photopicker.PhotoPagerActivity
ADDED from [jindunaaa:PhotoPicker:unspecified] AndroidManifest.xml:14:5-16:62
	android:theme
		ADDED from [jindunaaa:PhotoPicker:unspecified] AndroidManifest.xml:16:9-59
	android:name
		ADDED from [jindunaaa:PhotoPicker:unspecified] AndroidManifest.xml:15:9-69
uses-permission#android.permission.ACCESS_COARSE_LOCATION
ADDED from [jindunaaa:IMKit:unspecified] AndroidManifest.xml:15:5-81
	android:name
		ADDED from [jindunaaa:IMKit:unspecified] AndroidManifest.xml:15:22-78
uses-permission#android.permission.GET_TASKS
ADDED from [jindunaaa:IMKit:unspecified] AndroidManifest.xml:22:5-68
MERGED from [jindunaaa:IMLib:unspecified] AndroidManifest.xml:17:5-68
	android:name
		ADDED from [jindunaaa:IMKit:unspecified] AndroidManifest.xml:22:22-65
uses-permission#android.permission.MODIFY_AUDIO_SETTINGS
ADDED from [jindunaaa:IMKit:unspecified] AndroidManifest.xml:24:5-80
MERGED from [jindunaaa:IMLib:unspecified] AndroidManifest.xml:19:5-80
	android:name
		ADDED from [jindunaaa:IMKit:unspecified] AndroidManifest.xml:24:22-77
uses-permission#android.permission.VIBRATE
ADDED from [jindunaaa:IMKit:unspecified] AndroidManifest.xml:25:5-66
MERGED from [jindunaaa:IMLib:unspecified] AndroidManifest.xml:20:5-66
	android:name
		ADDED from [jindunaaa:IMKit:unspecified] AndroidManifest.xml:25:22-63
uses-permission#android.permission.WRITE_SETTINGS
ADDED from [jindunaaa:IMKit:unspecified] AndroidManifest.xml:27:5-73
	android:name
		ADDED from [jindunaaa:IMKit:unspecified] AndroidManifest.xml:27:22-70
uses-permission#android.permission.INTERACT_ACROSS_USERS_FULL
ADDED from [jindunaaa:IMKit:unspecified] AndroidManifest.xml:28:5-85
	android:name
		ADDED from [jindunaaa:IMKit:unspecified] AndroidManifest.xml:28:22-82
uses-permission#android.permission.PROCESS_OUTGOING_CALLS
ADDED from [jindunaaa:IMKit:unspecified] AndroidManifest.xml:29:5-81
	android:name
		ADDED from [jindunaaa:IMKit:unspecified] AndroidManifest.xml:29:22-78
uses-permission#android.permission.SYSTEM_ALERT_WINDOW
ADDED from [jindunaaa:IMKit:unspecified] AndroidManifest.xml:30:5-78
	android:name
		ADDED from [jindunaaa:IMKit:unspecified] AndroidManifest.xml:30:22-75
uses-permission#android.permission.CHANGE_WIFI_STATE
ADDED from [jindunaaa:IMKit:unspecified] AndroidManifest.xml:31:5-76
	android:name
		ADDED from [jindunaaa:IMKit:unspecified] AndroidManifest.xml:31:22-73
activity#io.rong.imkit.plugin.location.AMapLocationActivity
ADDED from [jindunaaa:IMKit:unspecified] AndroidManifest.xml:34:9-87
	android:name
		ADDED from [jindunaaa:IMKit:unspecified] AndroidManifest.xml:34:19-84
activity#io.rong.imkit.plugin.location.AMapPreviewActivity
ADDED from [jindunaaa:IMKit:unspecified] AndroidManifest.xml:35:9-86
	android:name
		ADDED from [jindunaaa:IMKit:unspecified] AndroidManifest.xml:35:19-83
activity#io.rong.imkit.plugin.location.AMapRealTimeActivity
ADDED from [jindunaaa:IMKit:unspecified] AndroidManifest.xml:36:9-87
	android:name
		ADDED from [jindunaaa:IMKit:unspecified] AndroidManifest.xml:36:19-84
activity#io.rong.imkit.plugin.image.PictureSelectorActivity
ADDED from [jindunaaa:IMKit:unspecified] AndroidManifest.xml:37:9-39:52
	android:screenOrientation
		ADDED from [jindunaaa:IMKit:unspecified] AndroidManifest.xml:39:13-49
	android:name
		ADDED from [jindunaaa:IMKit:unspecified] AndroidManifest.xml:38:13-78
activity#io.rong.imkit.plugin.image.PicturePreviewActivity
ADDED from [jindunaaa:IMKit:unspecified] AndroidManifest.xml:40:9-42:52
	android:screenOrientation
		ADDED from [jindunaaa:IMKit:unspecified] AndroidManifest.xml:42:13-49
	android:name
		ADDED from [jindunaaa:IMKit:unspecified] AndroidManifest.xml:41:13-77
activity#io.rong.imkit.tools.RongWebviewActivity
ADDED from [jindunaaa:IMKit:unspecified] AndroidManifest.xml:45:9-53:20
	android:screenOrientation
		ADDED from [jindunaaa:IMKit:unspecified] AndroidManifest.xml:47:13-49
	android:name
		ADDED from [jindunaaa:IMKit:unspecified] AndroidManifest.xml:46:13-67
intent-filter#android.intent.category.DEFAULT+io.rong.imkit.intent.action.webview
ADDED from [jindunaaa:IMKit:unspecified] AndroidManifest.xml:48:13-52:29
action#io.rong.imkit.intent.action.webview
ADDED from [jindunaaa:IMKit:unspecified] AndroidManifest.xml:49:17-78
	android:name
		ADDED from [jindunaaa:IMKit:unspecified] AndroidManifest.xml:49:25-75
category#android.intent.category.DEFAULT
ADDED from [jindunaaa:IMKit:unspecified] AndroidManifest.xml:51:17-76
	android:name
		ADDED from [jindunaaa:IMKit:unspecified] AndroidManifest.xml:51:27-73
activity#io.rong.imkit.widget.provider.TakingPicturesActivity
ADDED from [jindunaaa:IMKit:unspecified] AndroidManifest.xml:54:9-57:52
	android:screenOrientation
		ADDED from [jindunaaa:IMKit:unspecified] AndroidManifest.xml:57:13-49
	android:configChanges
		ADDED from [jindunaaa:IMKit:unspecified] AndroidManifest.xml:56:13-63
	android:name
		ADDED from [jindunaaa:IMKit:unspecified] AndroidManifest.xml:55:13-80
activity#io.rong.imkit.activity.PicturePagerActivity
ADDED from [jindunaaa:IMKit:unspecified] AndroidManifest.xml:58:9-66:20
	android:theme
		ADDED from [jindunaaa:IMKit:unspecified] AndroidManifest.xml:60:13-71
	android:name
		ADDED from [jindunaaa:IMKit:unspecified] AndroidManifest.xml:59:13-71
intent-filter#android.intent.category.DEFAULT+io.rong.imkit.intent.action.picturepagerview
ADDED from [jindunaaa:IMKit:unspecified] AndroidManifest.xml:61:13-65:29
action#io.rong.imkit.intent.action.picturepagerview
ADDED from [jindunaaa:IMKit:unspecified] AndroidManifest.xml:62:17-87
	android:name
		ADDED from [jindunaaa:IMKit:unspecified] AndroidManifest.xml:62:25-84
activity#io.rong.imkit.mention.MemberMentionedActivity
ADDED from [jindunaaa:IMKit:unspecified] AndroidManifest.xml:67:9-70:67
	android:windowSoftInputMode
		ADDED from [jindunaaa:IMKit:unspecified] AndroidManifest.xml:70:13-64
	android:configChanges
		ADDED from [jindunaaa:IMKit:unspecified] AndroidManifest.xml:69:13-63
	android:name
		ADDED from [jindunaaa:IMKit:unspecified] AndroidManifest.xml:68:13-73
activity#io.rong.imkit.activity.FileManagerActivity
ADDED from [jindunaaa:IMKit:unspecified] AndroidManifest.xml:71:9-79
	android:name
		ADDED from [jindunaaa:IMKit:unspecified] AndroidManifest.xml:71:19-76
activity#io.rong.imkit.activity.FileListActivity
ADDED from [jindunaaa:IMKit:unspecified] AndroidManifest.xml:72:9-76
	android:name
		ADDED from [jindunaaa:IMKit:unspecified] AndroidManifest.xml:72:19-73
activity#io.rong.imkit.activity.FilePreviewActivity
ADDED from [jindunaaa:IMKit:unspecified] AndroidManifest.xml:73:9-79
	android:name
		ADDED from [jindunaaa:IMKit:unspecified] AndroidManifest.xml:73:19-76
uses-permission#android.permission.ACCESS_FINE_LOCATION
ADDED from [jindunaaa:IMLib:unspecified] AndroidManifest.xml:21:5-79
	android:name
		ADDED from [jindunaaa:IMLib:unspecified] AndroidManifest.xml:21:22-76
uses-permission#android.permission.RECEIVE_BOOT_COMPLETED
ADDED from [jindunaaa:IMLib:unspecified] AndroidManifest.xml:22:5-81
	android:name
		ADDED from [jindunaaa:IMLib:unspecified] AndroidManifest.xml:22:22-78
meta-data#RONG_CLOUD_APP_KEY
ADDED from [jindunaaa:IMLib:unspecified] AndroidManifest.xml:27:9-29:45
	android:value
		ADDED from [jindunaaa:IMLib:unspecified] AndroidManifest.xml:29:13-42
	android:name
		ADDED from [jindunaaa:IMLib:unspecified] AndroidManifest.xml:28:13-46
service#io.rong.imlib.ipc.RongService
ADDED from [jindunaaa:IMLib:unspecified] AndroidManifest.xml:31:9-34:38
	android:process
		ADDED from [jindunaaa:IMLib:unspecified] AndroidManifest.xml:34:13-35
	android:exported
		ADDED from [jindunaaa:IMLib:unspecified] AndroidManifest.xml:33:13-36
	android:name
		ADDED from [jindunaaa:IMLib:unspecified] AndroidManifest.xml:32:13-57
service#io.rong.imlib.ReConnectService
ADDED from [jindunaaa:IMLib:unspecified] AndroidManifest.xml:35:9-37:39
	android:exported
		ADDED from [jindunaaa:IMLib:unspecified] AndroidManifest.xml:37:13-36
	android:name
		ADDED from [jindunaaa:IMLib:unspecified] AndroidManifest.xml:36:13-58
receiver#io.rong.imlib.ConnectChangeReceiver
ADDED from [jindunaaa:IMLib:unspecified] AndroidManifest.xml:39:9-41:39
	android:exported
		ADDED from [jindunaaa:IMLib:unspecified] AndroidManifest.xml:41:13-36
	android:name
		ADDED from [jindunaaa:IMLib:unspecified] AndroidManifest.xml:40:13-63
receiver#io.rong.imlib.HeartbeatReceiver
ADDED from [jindunaaa:IMLib:unspecified] AndroidManifest.xml:42:9-44:38
	android:process
		ADDED from [jindunaaa:IMLib:unspecified] AndroidManifest.xml:44:13-35
	android:name
		ADDED from [jindunaaa:IMLib:unspecified] AndroidManifest.xml:43:13-59
service#io.rong.push.core.PushRegistrationService
ADDED from [jindunaaa:IMLib:unspecified] AndroidManifest.xml:50:9-53:19
	android:exported
		ADDED from [jindunaaa:IMLib:unspecified] AndroidManifest.xml:52:13-37
	android:name
		ADDED from [jindunaaa:IMLib:unspecified] AndroidManifest.xml:51:13-69
service#io.rong.push.core.MessageHandleService
ADDED from [jindunaaa:IMLib:unspecified] AndroidManifest.xml:56:9-59:19
	android:exported
		ADDED from [jindunaaa:IMLib:unspecified] AndroidManifest.xml:58:13-36
	android:name
		ADDED from [jindunaaa:IMLib:unspecified] AndroidManifest.xml:57:13-66
service#io.rong.push.PushService
ADDED from [jindunaaa:IMLib:unspecified] AndroidManifest.xml:62:9-66:19
	android:process
		ADDED from [jindunaaa:IMLib:unspecified] AndroidManifest.xml:65:13-43
	android:exported
		ADDED from [jindunaaa:IMLib:unspecified] AndroidManifest.xml:64:13-36
	android:name
		ADDED from [jindunaaa:IMLib:unspecified] AndroidManifest.xml:63:13-52
receiver#io.rong.push.PushReceiver
ADDED from [jindunaaa:IMLib:unspecified] AndroidManifest.xml:69:9-89:20
	android:process
		ADDED from [jindunaaa:IMLib:unspecified] AndroidManifest.xml:71:13-43
	android:name
		ADDED from [jindunaaa:IMLib:unspecified] AndroidManifest.xml:70:13-53
intent-filter#io.rong.push.intent.action.HEART_BEAT
ADDED from [jindunaaa:IMLib:unspecified] AndroidManifest.xml:73:13-75:29
action#io.rong.push.intent.action.HEART_BEAT
ADDED from [jindunaaa:IMLib:unspecified] AndroidManifest.xml:74:17-80
	android:name
		ADDED from [jindunaaa:IMLib:unspecified] AndroidManifest.xml:74:25-77
intent-filter#android.net.conn.CONNECTIVITY_CHANGE
ADDED from [jindunaaa:IMLib:unspecified] AndroidManifest.xml:77:13-79:29
action#android.net.conn.CONNECTIVITY_CHANGE
ADDED from [jindunaaa:IMLib:unspecified] AndroidManifest.xml:78:17-79
	android:name
		ADDED from [jindunaaa:IMLib:unspecified] AndroidManifest.xml:78:25-76
intent-filter#android.intent.action.BOOT_COMPLETED
ADDED from [jindunaaa:IMLib:unspecified] AndroidManifest.xml:81:13-83:29
action#android.intent.action.BOOT_COMPLETED
ADDED from [jindunaaa:IMLib:unspecified] AndroidManifest.xml:82:17-79
	android:name
		ADDED from [jindunaaa:IMLib:unspecified] AndroidManifest.xml:82:25-76
intent-filter#android.intent.action.ACTION_POWER_CONNECTED+android.intent.action.ACTION_POWER_DISCONNECTED+android.intent.action.USER_PRESENT
ADDED from [jindunaaa:IMLib:unspecified] AndroidManifest.xml:84:13-88:29
action#android.intent.action.USER_PRESENT
ADDED from [jindunaaa:IMLib:unspecified] AndroidManifest.xml:85:17-77
	android:name
		ADDED from [jindunaaa:IMLib:unspecified] AndroidManifest.xml:85:25-74
action#android.intent.action.ACTION_POWER_CONNECTED
ADDED from [jindunaaa:IMLib:unspecified] AndroidManifest.xml:86:17-87
	android:name
		ADDED from [jindunaaa:IMLib:unspecified] AndroidManifest.xml:86:25-84
action#android.intent.action.ACTION_POWER_DISCONNECTED
ADDED from [jindunaaa:IMLib:unspecified] AndroidManifest.xml:87:17-90
	android:name
		ADDED from [jindunaaa:IMLib:unspecified] AndroidManifest.xml:87:25-87